<?xml version="1.0" encoding="UTF-8"?>
<testsuite name="com.example.springboot.controller.HealthCheckControllerTests" tests="1" skipped="0" failures="0" errors="0" timestamp="2015-10-19T20:45:22" hostname="ND27637" time="0.086">
  <properties/>
  <testcase name="test_healthcheck" classname="com.example.springboot.controller.HealthCheckControllerTests" time="0.086"/>
  <system-out><![CDATA[21:45:22.609 [Test worker] DEBUG o.s.core.env.StandardEnvironment - Adding [systemProperties] PropertySource with lowest search precedence
21:45:22.609 [Test worker] DEBUG o.s.core.env.StandardEnvironment - Adding [systemEnvironment] PropertySource with lowest search precedence
21:45:22.610 [Test worker] DEBUG o.s.core.env.StandardEnvironment - Initialized StandardEnvironment with PropertySources [systemProperties,systemEnvironment]
21:45:22.614 [Test worker] INFO  o.s.t.w.s.s.StandaloneMockMvcBuilder$StaticRequestMappingHandlerMapping - Mapped "{[/healthcheck],methods=[GET],params=[],headers=[],consumes=[],produces=[application/json],custom=[]}" onto public org.springframework.http.ResponseEntity<?> com.example.springboot.controller.HealthCheckController.handleHealthcheck(java.lang.String)
21:45:22.629 [Test worker] DEBUG o.h.v.i.e.r.DefaultTraversableResolver - Found javax.persistence.Persistence on classpath containing 'getPersistenceUtil'. Assuming JPA 2 environment. Trying to instantiate JPA aware TraversableResolver
21:45:22.630 [Test worker] DEBUG o.h.v.i.e.r.DefaultTraversableResolver - Instantiated JPA aware TraversableResolver of type org.hibernate.validator.internal.engine.resolver.JPATraversableResolver.
21:45:22.630 [Test worker] DEBUG o.h.v.i.engine.ConfigurationImpl - Setting custom MessageInterpolator of type org.springframework.validation.beanvalidation.LocaleContextMessageInterpolator
21:45:22.630 [Test worker] DEBUG o.h.v.i.engine.ConfigurationImpl - Setting custom ParameterNameProvider of type com.sun.proxy.$Proxy20
21:45:22.631 [Test worker] DEBUG o.h.v.i.xml.ValidationXmlParser - Trying to load META-INF/validation.xml for XML based Validator configuration.
21:45:22.632 [Test worker] DEBUG o.h.v.i.xml.ValidationXmlParser - No META-INF/validation.xml found. Using annotation based configuration only.
21:45:22.635 [Test worker] INFO  o.s.w.s.m.m.a.RequestMappingHandlerAdapter - Looking for @ControllerAdvice: org.springframework.test.web.servlet.setup.StubWebApplicationContext@6e2e557f
21:45:22.636 [Test worker] DEBUG o.s.t.w.s.TestDispatcherServlet - Initializing servlet ''
21:45:22.637 [Test worker] DEBUG o.s.w.c.s.StandardServletEnvironment - Adding [servletConfigInitParams] PropertySource with lowest search precedence
21:45:22.637 [Test worker] DEBUG o.s.w.c.s.StandardServletEnvironment - Adding [servletContextInitParams] PropertySource with lowest search precedence
21:45:22.637 [Test worker] DEBUG o.s.w.c.s.StandardServletEnvironment - Adding [systemProperties] PropertySource with lowest search precedence
21:45:22.637 [Test worker] DEBUG o.s.w.c.s.StandardServletEnvironment - Adding [systemEnvironment] PropertySource with lowest search precedence
21:45:22.637 [Test worker] DEBUG o.s.w.c.s.StandardServletEnvironment - Initialized StandardServletEnvironment with PropertySources [servletConfigInitParams,servletContextInitParams,systemProperties,systemEnvironment]
21:45:22.638 [Test worker] INFO  o.s.mock.web.MockServletContext - Initializing Spring FrameworkServlet ''
21:45:22.638 [Test worker] INFO  o.s.t.w.s.TestDispatcherServlet - FrameworkServlet '': initialization started
21:45:22.638 [Test worker] DEBUG o.s.t.w.s.TestDispatcherServlet - Unable to locate MultipartResolver with name 'multipartResolver': no multipart request handling provided
21:45:22.638 [Test worker] DEBUG o.s.t.w.s.TestDispatcherServlet - Using LocaleResolver [org.springframework.web.servlet.i18n.AcceptHeaderLocaleResolver@297b19cf]
21:45:22.638 [Test worker] DEBUG o.s.t.w.s.TestDispatcherServlet - Using ThemeResolver [org.springframework.web.servlet.theme.FixedThemeResolver@58d3dc]
21:45:22.638 [Test worker] DEBUG o.s.t.w.s.TestDispatcherServlet - Using RequestToViewNameTranslator [org.springframework.web.servlet.view.DefaultRequestToViewNameTranslator@7c741edd]
21:45:22.638 [Test worker] DEBUG o.s.t.w.s.TestDispatcherServlet - Using FlashMapManager [org.springframework.web.servlet.support.SessionFlashMapManager@1fbfc98a]
21:45:22.638 [Test worker] DEBUG o.s.t.w.s.TestDispatcherServlet - Published WebApplicationContext of servlet '' as ServletContext attribute with name [org.springframework.web.servlet.FrameworkServlet.CONTEXT.]
21:45:22.639 [Test worker] INFO  o.s.t.w.s.TestDispatcherServlet - FrameworkServlet '': initialization completed in 1 ms
21:45:22.639 [Test worker] DEBUG o.s.t.w.s.TestDispatcherServlet - Servlet '' configured successfully
21:45:22.643 [Test worker] DEBUG o.s.t.w.s.TestDispatcherServlet - DispatcherServlet with name '' processing GET request for [/healthcheck]
21:45:22.643 [Test worker] DEBUG o.s.t.w.s.s.StandaloneMockMvcBuilder$StaticRequestMappingHandlerMapping - Looking up handler method for path /healthcheck
21:45:22.644 [Test worker] DEBUG o.s.t.w.s.s.StandaloneMockMvcBuilder$StaticRequestMappingHandlerMapping - Returning handler method [public org.springframework.http.ResponseEntity<?> com.example.springboot.controller.HealthCheckController.handleHealthcheck(java.lang.String)]
21:45:22.644 [Test worker] DEBUG o.s.t.w.s.TestDispatcherServlet - Last-Modified value for [/healthcheck] is: -1
21:45:22.674 [Test worker] DEBUG o.s.w.s.m.m.a.HttpEntityMethodProcessor - Written [com.example.springboot.controller.HealthCheckController$HealthcheckResponse@1665d4cc] as "application/json" using [org.springframework.http.converter.json.MappingJackson2HttpMessageConverter@7d13b9b2]
21:45:22.674 [Test worker] DEBUG o.s.t.w.s.TestDispatcherServlet - Null ModelAndView returned to DispatcherServlet with name '': assuming HandlerAdapter completed request handling
21:45:22.674 [Test worker] DEBUG o.s.t.w.s.TestDispatcherServlet - Successfully completed request
21:45:22.675 [Test worker] DEBUG c.j.jsonpath.internal.CompiledPath - Evaluating path: $['host']
21:45:22.675 [Test worker] DEBUG c.j.jsonpath.internal.CompiledPath - Evaluating path: $['message']
21:45:22.675 [Test worker] DEBUG c.j.jsonpath.internal.CompiledPath - Evaluating path: $['sha']
21:45:22.678 [Test worker] DEBUG c.j.jsonpath.internal.CompiledPath - Evaluating path: $['timestamp']
]]></system-out>
  <system-err><![CDATA[]]></system-err>
</testsuite>
