<?xml version="1.0" encoding="UTF-8"?>
<testsuite name="com.example.springboot.controller.CustomerControllerTests" tests="1" skipped="0" failures="0" errors="0" timestamp="2015-03-15T21:47:51" hostname="ND27637" time="1.107">
  <properties/>
  <testcase name="defaultCustomerId" classname="com.example.springboot.controller.CustomerControllerTests" time="1.107"/>
  <system-out><![CDATA[21:47:51.639 [Test worker] DEBUG o.s.core.env.StandardEnvironment - Adding [systemProperties] PropertySource with lowest search precedence
21:47:51.653 [Test worker] DEBUG o.s.core.env.StandardEnvironment - Adding [systemEnvironment] PropertySource with lowest search precedence
21:47:51.654 [Test worker] DEBUG o.s.core.env.StandardEnvironment - Initialized StandardEnvironment with PropertySources [systemProperties,systemEnvironment]
21:47:51.758 [Test worker] INFO  o.s.t.w.s.s.StandaloneMockMvcBuilder$StaticRequestMappingHandlerMapping - Mapped "{[/customer],methods=[GET],params=[],headers=[],consumes=[],produces=[],custom=[]}" onto public com.example.springboot.domain.Customer com.example.springboot.controller.CustomerController.customer(java.lang.String) throws com.example.springboot.error.OurException
21:47:51.836 [Test worker] DEBUG org.jboss.logging - Logging Provider: org.jboss.logging.Slf4jLoggerProvider
21:47:51.838 [Test worker] INFO  o.h.validator.internal.util.Version - HV000001: Hibernate Validator 5.1.3.Final
21:47:51.845 [Test worker] DEBUG o.h.v.i.e.r.DefaultTraversableResolver - Cannot find javax.persistence.Persistence on classpath. Assuming non JPA 2 environment. All properties will per default be traversable.
21:47:51.854 [Test worker] DEBUG o.h.v.i.engine.ConfigurationImpl - Setting custom MessageInterpolator of type org.springframework.validation.beanvalidation.LocaleContextMessageInterpolator
21:47:51.856 [Test worker] DEBUG o.h.v.i.engine.ConfigurationImpl - Setting custom ParameterNameProvider of type com.sun.proxy.$Proxy20
21:47:51.862 [Test worker] DEBUG o.h.v.i.xml.ValidationXmlParser - Trying to load META-INF/validation.xml for XML based Validator configuration.
21:47:51.868 [Test worker] DEBUG o.h.v.i.xml.ValidationXmlParser - No META-INF/validation.xml found. Using annotation based configuration only.
21:47:51.919 [Test worker] INFO  o.s.w.s.m.m.a.RequestMappingHandlerAdapter - Looking for @ControllerAdvice: org.springframework.test.web.servlet.setup.StubWebApplicationContext@5ec7e1da
21:47:51.963 [Test worker] DEBUG o.s.t.w.s.TestDispatcherServlet - Initializing servlet ''
21:47:51.976 [Test worker] DEBUG o.s.w.c.s.StandardServletEnvironment - Adding [servletConfigInitParams] PropertySource with lowest search precedence
21:47:51.976 [Test worker] DEBUG o.s.w.c.s.StandardServletEnvironment - Adding [servletContextInitParams] PropertySource with lowest search precedence
21:47:51.980 [Test worker] DEBUG o.s.w.c.s.StandardServletEnvironment - Adding [systemProperties] PropertySource with lowest search precedence
21:47:51.980 [Test worker] DEBUG o.s.w.c.s.StandardServletEnvironment - Adding [systemEnvironment] PropertySource with lowest search precedence
21:47:51.980 [Test worker] DEBUG o.s.w.c.s.StandardServletEnvironment - Initialized StandardServletEnvironment with PropertySources [servletConfigInitParams,servletContextInitParams,systemProperties,systemEnvironment]
21:47:51.981 [Test worker] INFO  o.s.mock.web.MockServletContext - Initializing Spring FrameworkServlet ''
21:47:51.981 [Test worker] INFO  o.s.t.w.s.TestDispatcherServlet - FrameworkServlet '': initialization started
21:47:51.985 [Test worker] DEBUG o.s.t.w.s.TestDispatcherServlet - Unable to locate MultipartResolver with name 'multipartResolver': no multipart request handling provided
21:47:51.985 [Test worker] DEBUG o.s.t.w.s.TestDispatcherServlet - Using LocaleResolver [org.springframework.web.servlet.i18n.AcceptHeaderLocaleResolver@73b05975]
21:47:51.985 [Test worker] DEBUG o.s.t.w.s.TestDispatcherServlet - Using ThemeResolver [org.springframework.web.servlet.theme.FixedThemeResolver@fab37e6]
21:47:51.985 [Test worker] DEBUG o.s.t.w.s.TestDispatcherServlet - Using RequestToViewNameTranslator [org.springframework.web.servlet.view.DefaultRequestToViewNameTranslator@73810e8]
21:47:51.986 [Test worker] DEBUG o.s.t.w.s.TestDispatcherServlet - Using FlashMapManager [org.springframework.web.servlet.support.SessionFlashMapManager@28aa859]
21:47:51.986 [Test worker] DEBUG o.s.t.w.s.TestDispatcherServlet - Published WebApplicationContext of servlet '' as ServletContext attribute with name [org.springframework.web.servlet.FrameworkServlet.CONTEXT.]
21:47:51.986 [Test worker] INFO  o.s.t.w.s.TestDispatcherServlet - FrameworkServlet '': initialization completed in 5 ms
21:47:51.986 [Test worker] DEBUG o.s.t.w.s.TestDispatcherServlet - Servlet '' configured successfully
21:47:52.032 [Test worker] DEBUG o.s.t.w.s.TestDispatcherServlet - DispatcherServlet with name '' processing GET request for [/customer]
21:47:52.035 [Test worker] DEBUG o.s.t.w.s.s.StandaloneMockMvcBuilder$StaticRequestMappingHandlerMapping - Looking up handler method for path /customer
21:47:52.038 [Test worker] DEBUG o.s.t.w.s.s.StandaloneMockMvcBuilder$StaticRequestMappingHandlerMapping - Returning handler method [public com.example.springboot.domain.Customer com.example.springboot.controller.CustomerController.customer(java.lang.String) throws com.example.springboot.error.OurException]
21:47:52.040 [Test worker] DEBUG o.s.t.w.s.TestDispatcherServlet - Last-Modified value for [/customer] is: -1
21:47:52.079 [Test worker] DEBUG c.e.s.controller.CustomerController - debug: entering customer with id = 1
21:47:52.123 [Test worker] DEBUG o.s.w.s.m.m.a.RequestResponseBodyMethodProcessor - Written [Customer[id=1, firstName=Ken, lastName=Smith]] as "application/json;charset=UTF-8" using [org.springframework.http.converter.json.MappingJackson2HttpMessageConverter@1735131d]
21:47:52.124 [Test worker] DEBUG o.s.t.w.s.TestDispatcherServlet - Null ModelAndView returned to DispatcherServlet with name '': assuming HandlerAdapter completed request handling
21:47:52.125 [Test worker] DEBUG o.s.t.w.s.TestDispatcherServlet - Successfully completed request
]]></system-out>
  <system-err><![CDATA[]]></system-err>
</testsuite>
