<?xml version="1.0" encoding="UTF-8"?>
<testsuite name="com.example.springboot.controller.CustomerControllerTests" tests="1" skipped="0" failures="0" errors="0" timestamp="2015-10-20T13:35:14" hostname="ND27637" time="2.773">
  <properties/>
  <testcase name="defaultCustomerId" classname="com.example.springboot.controller.CustomerControllerTests" time="2.773"/>
  <system-out><![CDATA[14:35:15.886 [Test worker] DEBUG o.s.core.env.StandardEnvironment - Adding [systemProperties] PropertySource with lowest search precedence
14:35:15.922 [Test worker] DEBUG o.s.core.env.StandardEnvironment - Adding [systemEnvironment] PropertySource with lowest search precedence
14:35:15.922 [Test worker] DEBUG o.s.core.env.StandardEnvironment - Initialized StandardEnvironment with PropertySources [systemProperties,systemEnvironment]
14:35:16.145 [Test worker] INFO  o.s.t.w.s.s.StandaloneMockMvcBuilder$StaticRequestMappingHandlerMapping - Mapped "{[/customer],methods=[GET],params=[],headers=[],consumes=[],produces=[],custom=[]}" onto public com.example.springboot.domain.Customer com.example.springboot.controller.CustomerController.customer(java.lang.String) throws com.example.springboot.error.OurException
14:35:16.300 [Test worker] DEBUG org.jboss.logging - Logging Provider: org.jboss.logging.Slf4jLoggerProvider
14:35:16.304 [Test worker] INFO  o.h.validator.internal.util.Version - HV000001: Hibernate Validator 5.1.3.Final
14:35:16.332 [Test worker] DEBUG o.h.v.i.e.r.DefaultTraversableResolver - Found javax.persistence.Persistence on classpath containing 'getPersistenceUtil'. Assuming JPA 2 environment. Trying to instantiate JPA aware TraversableResolver
14:35:16.334 [Test worker] DEBUG o.h.v.i.e.r.DefaultTraversableResolver - Instantiated JPA aware TraversableResolver of type org.hibernate.validator.internal.engine.resolver.JPATraversableResolver.
14:35:16.356 [Test worker] DEBUG o.h.v.i.engine.ConfigurationImpl - Setting custom MessageInterpolator of type org.springframework.validation.beanvalidation.LocaleContextMessageInterpolator
14:35:16.360 [Test worker] DEBUG o.h.v.i.engine.ConfigurationImpl - Setting custom ParameterNameProvider of type com.sun.proxy.$Proxy20
14:35:16.373 [Test worker] DEBUG o.h.v.i.xml.ValidationXmlParser - Trying to load META-INF/validation.xml for XML based Validator configuration.
14:35:16.386 [Test worker] DEBUG o.h.v.i.xml.ValidationXmlParser - No META-INF/validation.xml found. Using annotation based configuration only.
14:35:16.513 [Test worker] INFO  o.s.w.s.m.m.a.RequestMappingHandlerAdapter - Looking for @ControllerAdvice: org.springframework.test.web.servlet.setup.StubWebApplicationContext@570c08a
14:35:16.707 [Test worker] DEBUG o.s.t.w.s.TestDispatcherServlet - Initializing servlet ''
14:35:16.735 [Test worker] DEBUG o.s.w.c.s.StandardServletEnvironment - Adding [servletConfigInitParams] PropertySource with lowest search precedence
14:35:16.736 [Test worker] DEBUG o.s.w.c.s.StandardServletEnvironment - Adding [servletContextInitParams] PropertySource with lowest search precedence
14:35:16.745 [Test worker] DEBUG o.s.w.c.s.StandardServletEnvironment - Adding [systemProperties] PropertySource with lowest search precedence
14:35:16.745 [Test worker] DEBUG o.s.w.c.s.StandardServletEnvironment - Adding [systemEnvironment] PropertySource with lowest search precedence
14:35:16.745 [Test worker] DEBUG o.s.w.c.s.StandardServletEnvironment - Initialized StandardServletEnvironment with PropertySources [servletConfigInitParams,servletContextInitParams,systemProperties,systemEnvironment]
14:35:16.745 [Test worker] INFO  o.s.mock.web.MockServletContext - Initializing Spring FrameworkServlet ''
14:35:16.746 [Test worker] INFO  o.s.t.w.s.TestDispatcherServlet - FrameworkServlet '': initialization started
14:35:16.753 [Test worker] DEBUG o.s.t.w.s.TestDispatcherServlet - Unable to locate MultipartResolver with name 'multipartResolver': no multipart request handling provided
14:35:16.753 [Test worker] DEBUG o.s.t.w.s.TestDispatcherServlet - Using LocaleResolver [org.springframework.web.servlet.i18n.AcceptHeaderLocaleResolver@2ff5dabb]
14:35:16.753 [Test worker] DEBUG o.s.t.w.s.TestDispatcherServlet - Using ThemeResolver [org.springframework.web.servlet.theme.FixedThemeResolver@5faa4f5f]
14:35:16.754 [Test worker] DEBUG o.s.t.w.s.TestDispatcherServlet - Using RequestToViewNameTranslator [org.springframework.web.servlet.view.DefaultRequestToViewNameTranslator@3546c548]
14:35:16.754 [Test worker] DEBUG o.s.t.w.s.TestDispatcherServlet - Using FlashMapManager [org.springframework.web.servlet.support.SessionFlashMapManager@1644272c]
14:35:16.754 [Test worker] DEBUG o.s.t.w.s.TestDispatcherServlet - Published WebApplicationContext of servlet '' as ServletContext attribute with name [org.springframework.web.servlet.FrameworkServlet.CONTEXT.]
14:35:16.755 [Test worker] INFO  o.s.t.w.s.TestDispatcherServlet - FrameworkServlet '': initialization completed in 9 ms
14:35:16.755 [Test worker] DEBUG o.s.t.w.s.TestDispatcherServlet - Servlet '' configured successfully
14:35:16.865 [Test worker] DEBUG o.s.t.w.s.TestDispatcherServlet - DispatcherServlet with name '' processing GET request for [/customer]
14:35:16.869 [Test worker] DEBUG o.s.t.w.s.s.StandaloneMockMvcBuilder$StaticRequestMappingHandlerMapping - Looking up handler method for path /customer
14:35:16.875 [Test worker] DEBUG o.s.t.w.s.s.StandaloneMockMvcBuilder$StaticRequestMappingHandlerMapping - Returning handler method [public com.example.springboot.domain.Customer com.example.springboot.controller.CustomerController.customer(java.lang.String) throws com.example.springboot.error.OurException]
14:35:16.877 [Test worker] DEBUG o.s.t.w.s.TestDispatcherServlet - Last-Modified value for [/customer] is: -1
14:35:16.918 [Test worker] DEBUG c.e.s.controller.CustomerController - debug: entering customer with id = 1
14:35:17.029 [Test worker] DEBUG o.s.w.s.m.m.a.RequestResponseBodyMethodProcessor - Written [Customer[id='1', firstName='Ken', lastName='Smith']] as "application/json;charset=UTF-8" using [org.springframework.http.converter.json.MappingJackson2HttpMessageConverter@48cb7c37]
14:35:17.029 [Test worker] DEBUG o.s.t.w.s.TestDispatcherServlet - Null ModelAndView returned to DispatcherServlet with name '': assuming HandlerAdapter completed request handling
14:35:17.030 [Test worker] DEBUG o.s.t.w.s.TestDispatcherServlet - Successfully completed request
14:35:17.180 [Test worker] DEBUG c.j.jsonpath.internal.CompiledPath - Evaluating path: $['id']
14:35:17.190 [Test worker] DEBUG c.j.jsonpath.internal.CompiledPath - Evaluating path: $['firstName']
14:35:17.191 [Test worker] DEBUG c.j.jsonpath.internal.CompiledPath - Evaluating path: $['lastName']
]]></system-out>
  <system-err><![CDATA[]]></system-err>
</testsuite>
