<?xml version="1.0" encoding="UTF-8"?>
<testsuite name="com.example.springboot.controller.HealthCheckControllerTests" tests="1" skipped="0" failures="0" errors="0" timestamp="2015-10-20T13:35:17" hostname="ND27637" time="0.098">
  <properties/>
  <testcase name="test_healthcheck" classname="com.example.springboot.controller.HealthCheckControllerTests" time="0.098"/>
  <system-out><![CDATA[14:35:17.218 [Test worker] DEBUG o.s.core.env.StandardEnvironment - Adding [systemProperties] PropertySource with lowest search precedence
14:35:17.219 [Test worker] DEBUG o.s.core.env.StandardEnvironment - Adding [systemEnvironment] PropertySource with lowest search precedence
14:35:17.219 [Test worker] DEBUG o.s.core.env.StandardEnvironment - Initialized StandardEnvironment with PropertySources [systemProperties,systemEnvironment]
14:35:17.224 [Test worker] INFO  o.s.t.w.s.s.StandaloneMockMvcBuilder$StaticRequestMappingHandlerMapping - Mapped "{[/healthcheck],methods=[GET],params=[],headers=[],consumes=[],produces=[application/json],custom=[]}" onto public org.springframework.http.ResponseEntity<?> com.example.springboot.controller.HealthCheckController.handleHealthcheck(java.lang.String)
14:35:17.239 [Test worker] DEBUG o.h.v.i.e.r.DefaultTraversableResolver - Found javax.persistence.Persistence on classpath containing 'getPersistenceUtil'. Assuming JPA 2 environment. Trying to instantiate JPA aware TraversableResolver
14:35:17.240 [Test worker] DEBUG o.h.v.i.e.r.DefaultTraversableResolver - Instantiated JPA aware TraversableResolver of type org.hibernate.validator.internal.engine.resolver.JPATraversableResolver.
14:35:17.240 [Test worker] DEBUG o.h.v.i.engine.ConfigurationImpl - Setting custom MessageInterpolator of type org.springframework.validation.beanvalidation.LocaleContextMessageInterpolator
14:35:17.240 [Test worker] DEBUG o.h.v.i.engine.ConfigurationImpl - Setting custom ParameterNameProvider of type com.sun.proxy.$Proxy20
14:35:17.241 [Test worker] DEBUG o.h.v.i.xml.ValidationXmlParser - Trying to load META-INF/validation.xml for XML based Validator configuration.
14:35:17.242 [Test worker] DEBUG o.h.v.i.xml.ValidationXmlParser - No META-INF/validation.xml found. Using annotation based configuration only.
14:35:17.245 [Test worker] INFO  o.s.w.s.m.m.a.RequestMappingHandlerAdapter - Looking for @ControllerAdvice: org.springframework.test.web.servlet.setup.StubWebApplicationContext@4ed321fb
14:35:17.246 [Test worker] DEBUG o.s.t.w.s.TestDispatcherServlet - Initializing servlet ''
14:35:17.247 [Test worker] DEBUG o.s.w.c.s.StandardServletEnvironment - Adding [servletConfigInitParams] PropertySource with lowest search precedence
14:35:17.247 [Test worker] DEBUG o.s.w.c.s.StandardServletEnvironment - Adding [servletContextInitParams] PropertySource with lowest search precedence
14:35:17.248 [Test worker] DEBUG o.s.w.c.s.StandardServletEnvironment - Adding [systemProperties] PropertySource with lowest search precedence
14:35:17.248 [Test worker] DEBUG o.s.w.c.s.StandardServletEnvironment - Adding [systemEnvironment] PropertySource with lowest search precedence
14:35:17.248 [Test worker] DEBUG o.s.w.c.s.StandardServletEnvironment - Initialized StandardServletEnvironment with PropertySources [servletConfigInitParams,servletContextInitParams,systemProperties,systemEnvironment]
14:35:17.248 [Test worker] INFO  o.s.mock.web.MockServletContext - Initializing Spring FrameworkServlet ''
14:35:17.248 [Test worker] INFO  o.s.t.w.s.TestDispatcherServlet - FrameworkServlet '': initialization started
14:35:17.248 [Test worker] DEBUG o.s.t.w.s.TestDispatcherServlet - Unable to locate MultipartResolver with name 'multipartResolver': no multipart request handling provided
14:35:17.248 [Test worker] DEBUG o.s.t.w.s.TestDispatcherServlet - Using LocaleResolver [org.springframework.web.servlet.i18n.AcceptHeaderLocaleResolver@2a88a4ec]
14:35:17.248 [Test worker] DEBUG o.s.t.w.s.TestDispatcherServlet - Using ThemeResolver [org.springframework.web.servlet.theme.FixedThemeResolver@4319f0c5]
14:35:17.249 [Test worker] DEBUG o.s.t.w.s.TestDispatcherServlet - Using RequestToViewNameTranslator [org.springframework.web.servlet.view.DefaultRequestToViewNameTranslator@2459ac18]
14:35:17.249 [Test worker] DEBUG o.s.t.w.s.TestDispatcherServlet - Using FlashMapManager [org.springframework.web.servlet.support.SessionFlashMapManager@2de14098]
14:35:17.249 [Test worker] DEBUG o.s.t.w.s.TestDispatcherServlet - Published WebApplicationContext of servlet '' as ServletContext attribute with name [org.springframework.web.servlet.FrameworkServlet.CONTEXT.]
14:35:17.249 [Test worker] INFO  o.s.t.w.s.TestDispatcherServlet - FrameworkServlet '': initialization completed in 1 ms
14:35:17.249 [Test worker] DEBUG o.s.t.w.s.TestDispatcherServlet - Servlet '' configured successfully
14:35:17.256 [Test worker] DEBUG o.s.t.w.s.TestDispatcherServlet - DispatcherServlet with name '' processing GET request for [/healthcheck]
14:35:17.256 [Test worker] DEBUG o.s.t.w.s.s.StandaloneMockMvcBuilder$StaticRequestMappingHandlerMapping - Looking up handler method for path /healthcheck
14:35:17.257 [Test worker] DEBUG o.s.t.w.s.s.StandaloneMockMvcBuilder$StaticRequestMappingHandlerMapping - Returning handler method [public org.springframework.http.ResponseEntity<?> com.example.springboot.controller.HealthCheckController.handleHealthcheck(java.lang.String)]
14:35:17.257 [Test worker] DEBUG o.s.t.w.s.TestDispatcherServlet - Last-Modified value for [/healthcheck] is: -1
14:35:17.292 [Test worker] DEBUG o.s.w.s.m.m.a.HttpEntityMethodProcessor - Written [com.example.springboot.controller.HealthCheckController$HealthcheckResponse@a4a66d2] as "application/json" using [org.springframework.http.converter.json.MappingJackson2HttpMessageConverter@2d70d066]
14:35:17.293 [Test worker] DEBUG o.s.t.w.s.TestDispatcherServlet - Null ModelAndView returned to DispatcherServlet with name '': assuming HandlerAdapter completed request handling
14:35:17.293 [Test worker] DEBUG o.s.t.w.s.TestDispatcherServlet - Successfully completed request
14:35:17.294 [Test worker] DEBUG c.j.jsonpath.internal.CompiledPath - Evaluating path: $['host']
14:35:17.294 [Test worker] DEBUG c.j.jsonpath.internal.CompiledPath - Evaluating path: $['message']
14:35:17.295 [Test worker] DEBUG c.j.jsonpath.internal.CompiledPath - Evaluating path: $['sha']
14:35:17.298 [Test worker] DEBUG c.j.jsonpath.internal.CompiledPath - Evaluating path: $['timestamp']
]]></system-out>
  <system-err><![CDATA[]]></system-err>
</testsuite>
