<?xml version="1.0" encoding="UTF-8"?>
<testsuite name="com.example.springboot.controller.HealthCheckControllerTests" tests="1" skipped="0" failures="0" errors="0" timestamp="2015-10-19T20:29:44" hostname="ND27637" time="0.082">
  <properties/>
  <testcase name="test_healthcheck" classname="com.example.springboot.controller.HealthCheckControllerTests" time="0.082"/>
  <system-out><![CDATA[21:29:44.698 [Test worker] DEBUG o.s.core.env.StandardEnvironment - Adding [systemProperties] PropertySource with lowest search precedence
21:29:44.698 [Test worker] DEBUG o.s.core.env.StandardEnvironment - Adding [systemEnvironment] PropertySource with lowest search precedence
21:29:44.699 [Test worker] DEBUG o.s.core.env.StandardEnvironment - Initialized StandardEnvironment with PropertySources [systemProperties,systemEnvironment]
21:29:44.705 [Test worker] INFO  o.s.t.w.s.s.StandaloneMockMvcBuilder$StaticRequestMappingHandlerMapping - Mapped "{[/healthcheck],methods=[GET],params=[],headers=[],consumes=[],produces=[application/json],custom=[]}" onto public org.springframework.http.ResponseEntity<?> com.example.springboot.controller.HealthCheckController.handleHealthcheck(java.lang.String)
21:29:44.717 [Test worker] DEBUG o.h.v.i.e.r.DefaultTraversableResolver - Found javax.persistence.Persistence on classpath containing 'getPersistenceUtil'. Assuming JPA 2 environment. Trying to instantiate JPA aware TraversableResolver
21:29:44.718 [Test worker] DEBUG o.h.v.i.e.r.DefaultTraversableResolver - Instantiated JPA aware TraversableResolver of type org.hibernate.validator.internal.engine.resolver.JPATraversableResolver.
21:29:44.718 [Test worker] DEBUG o.h.v.i.engine.ConfigurationImpl - Setting custom MessageInterpolator of type org.springframework.validation.beanvalidation.LocaleContextMessageInterpolator
21:29:44.718 [Test worker] DEBUG o.h.v.i.engine.ConfigurationImpl - Setting custom ParameterNameProvider of type com.sun.proxy.$Proxy20
21:29:44.719 [Test worker] DEBUG o.h.v.i.xml.ValidationXmlParser - Trying to load META-INF/validation.xml for XML based Validator configuration.
21:29:44.720 [Test worker] DEBUG o.h.v.i.xml.ValidationXmlParser - No META-INF/validation.xml found. Using annotation based configuration only.
21:29:44.722 [Test worker] INFO  o.s.w.s.m.m.a.RequestMappingHandlerAdapter - Looking for @ControllerAdvice: org.springframework.test.web.servlet.setup.StubWebApplicationContext@15951671
21:29:44.723 [Test worker] DEBUG o.s.t.w.s.TestDispatcherServlet - Initializing servlet ''
21:29:44.724 [Test worker] DEBUG o.s.w.c.s.StandardServletEnvironment - Adding [servletConfigInitParams] PropertySource with lowest search precedence
21:29:44.724 [Test worker] DEBUG o.s.w.c.s.StandardServletEnvironment - Adding [servletContextInitParams] PropertySource with lowest search precedence
21:29:44.724 [Test worker] DEBUG o.s.w.c.s.StandardServletEnvironment - Adding [systemProperties] PropertySource with lowest search precedence
21:29:44.725 [Test worker] DEBUG o.s.w.c.s.StandardServletEnvironment - Adding [systemEnvironment] PropertySource with lowest search precedence
21:29:44.725 [Test worker] DEBUG o.s.w.c.s.StandardServletEnvironment - Initialized StandardServletEnvironment with PropertySources [servletConfigInitParams,servletContextInitParams,systemProperties,systemEnvironment]
21:29:44.725 [Test worker] INFO  o.s.mock.web.MockServletContext - Initializing Spring FrameworkServlet ''
21:29:44.725 [Test worker] INFO  o.s.t.w.s.TestDispatcherServlet - FrameworkServlet '': initialization started
21:29:44.725 [Test worker] DEBUG o.s.t.w.s.TestDispatcherServlet - Unable to locate MultipartResolver with name 'multipartResolver': no multipart request handling provided
21:29:44.725 [Test worker] DEBUG o.s.t.w.s.TestDispatcherServlet - Using LocaleResolver [org.springframework.web.servlet.i18n.AcceptHeaderLocaleResolver@16e1e439]
21:29:44.725 [Test worker] DEBUG o.s.t.w.s.TestDispatcherServlet - Using ThemeResolver [org.springframework.web.servlet.theme.FixedThemeResolver@69bfb867]
21:29:44.726 [Test worker] DEBUG o.s.t.w.s.TestDispatcherServlet - Using RequestToViewNameTranslator [org.springframework.web.servlet.view.DefaultRequestToViewNameTranslator@76527117]
21:29:44.726 [Test worker] DEBUG o.s.t.w.s.TestDispatcherServlet - Using FlashMapManager [org.springframework.web.servlet.support.SessionFlashMapManager@603763a8]
21:29:44.726 [Test worker] DEBUG o.s.t.w.s.TestDispatcherServlet - Published WebApplicationContext of servlet '' as ServletContext attribute with name [org.springframework.web.servlet.FrameworkServlet.CONTEXT.]
21:29:44.726 [Test worker] INFO  o.s.t.w.s.TestDispatcherServlet - FrameworkServlet '': initialization completed in 1 ms
21:29:44.726 [Test worker] DEBUG o.s.t.w.s.TestDispatcherServlet - Servlet '' configured successfully
21:29:44.730 [Test worker] DEBUG o.s.t.w.s.TestDispatcherServlet - DispatcherServlet with name '' processing GET request for [/healthcheck]
21:29:44.730 [Test worker] DEBUG o.s.t.w.s.s.StandaloneMockMvcBuilder$StaticRequestMappingHandlerMapping - Looking up handler method for path /healthcheck
21:29:44.731 [Test worker] DEBUG o.s.t.w.s.s.StandaloneMockMvcBuilder$StaticRequestMappingHandlerMapping - Returning handler method [public org.springframework.http.ResponseEntity<?> com.example.springboot.controller.HealthCheckController.handleHealthcheck(java.lang.String)]
21:29:44.731 [Test worker] DEBUG o.s.t.w.s.TestDispatcherServlet - Last-Modified value for [/healthcheck] is: -1
21:29:44.756 [Test worker] DEBUG o.s.w.s.m.m.a.HttpEntityMethodProcessor - Written [com.example.springboot.controller.HealthCheckController$HealthcheckResponse@25e6145a] as "application/json" using [org.springframework.http.converter.json.MappingJackson2HttpMessageConverter@6c9690e0]
21:29:44.756 [Test worker] DEBUG o.s.t.w.s.TestDispatcherServlet - Null ModelAndView returned to DispatcherServlet with name '': assuming HandlerAdapter completed request handling
21:29:44.756 [Test worker] DEBUG o.s.t.w.s.TestDispatcherServlet - Successfully completed request
21:29:44.757 [Test worker] DEBUG c.j.jsonpath.internal.CompiledPath - Evaluating path: $['host']
21:29:44.757 [Test worker] DEBUG c.j.jsonpath.internal.CompiledPath - Evaluating path: $['message']
21:29:44.758 [Test worker] DEBUG c.j.jsonpath.internal.CompiledPath - Evaluating path: $['sha']
21:29:44.761 [Test worker] DEBUG c.j.jsonpath.internal.CompiledPath - Evaluating path: $['timestamp']
]]></system-out>
  <system-err><![CDATA[]]></system-err>
</testsuite>
