<?xml version="1.0" encoding="UTF-8"?>
<testsuite name="com.example.springboot.controller.CustomerControllerTests" tests="1" skipped="0" failures="0" errors="0" timestamp="2015-10-19T20:57:18" hostname="ND27637" time="2.587">
  <properties/>
  <testcase name="defaultCustomerId" classname="com.example.springboot.controller.CustomerControllerTests" time="2.587"/>
  <system-out><![CDATA[21:57:19.403 [Test worker] DEBUG o.s.core.env.StandardEnvironment - Adding [systemProperties] PropertySource with lowest search precedence
21:57:19.437 [Test worker] DEBUG o.s.core.env.StandardEnvironment - Adding [systemEnvironment] PropertySource with lowest search precedence
21:57:19.437 [Test worker] DEBUG o.s.core.env.StandardEnvironment - Initialized StandardEnvironment with PropertySources [systemProperties,systemEnvironment]
21:57:19.666 [Test worker] INFO  o.s.t.w.s.s.StandaloneMockMvcBuilder$StaticRequestMappingHandlerMapping - Mapped "{[/customer],methods=[GET],params=[],headers=[],consumes=[],produces=[],custom=[]}" onto public com.example.springboot.domain.Customer com.example.springboot.controller.CustomerController.customer(java.lang.String) throws com.example.springboot.error.OurException
21:57:19.823 [Test worker] DEBUG org.jboss.logging - Logging Provider: org.jboss.logging.Slf4jLoggerProvider
21:57:19.827 [Test worker] INFO  o.h.validator.internal.util.Version - HV000001: Hibernate Validator 5.1.3.Final
21:57:19.853 [Test worker] DEBUG o.h.v.i.e.r.DefaultTraversableResolver - Found javax.persistence.Persistence on classpath containing 'getPersistenceUtil'. Assuming JPA 2 environment. Trying to instantiate JPA aware TraversableResolver
21:57:19.856 [Test worker] DEBUG o.h.v.i.e.r.DefaultTraversableResolver - Instantiated JPA aware TraversableResolver of type org.hibernate.validator.internal.engine.resolver.JPATraversableResolver.
21:57:19.876 [Test worker] DEBUG o.h.v.i.engine.ConfigurationImpl - Setting custom MessageInterpolator of type org.springframework.validation.beanvalidation.LocaleContextMessageInterpolator
21:57:19.880 [Test worker] DEBUG o.h.v.i.engine.ConfigurationImpl - Setting custom ParameterNameProvider of type com.sun.proxy.$Proxy20
21:57:19.891 [Test worker] DEBUG o.h.v.i.xml.ValidationXmlParser - Trying to load META-INF/validation.xml for XML based Validator configuration.
21:57:19.905 [Test worker] DEBUG o.h.v.i.xml.ValidationXmlParser - No META-INF/validation.xml found. Using annotation based configuration only.
21:57:20.036 [Test worker] INFO  o.s.w.s.m.m.a.RequestMappingHandlerAdapter - Looking for @ControllerAdvice: org.springframework.test.web.servlet.setup.StubWebApplicationContext@7bb95c9c
21:57:20.214 [Test worker] DEBUG o.s.t.w.s.TestDispatcherServlet - Initializing servlet ''
21:57:20.245 [Test worker] DEBUG o.s.w.c.s.StandardServletEnvironment - Adding [servletConfigInitParams] PropertySource with lowest search precedence
21:57:20.246 [Test worker] DEBUG o.s.w.c.s.StandardServletEnvironment - Adding [servletContextInitParams] PropertySource with lowest search precedence
21:57:20.253 [Test worker] DEBUG o.s.w.c.s.StandardServletEnvironment - Adding [systemProperties] PropertySource with lowest search precedence
21:57:20.253 [Test worker] DEBUG o.s.w.c.s.StandardServletEnvironment - Adding [systemEnvironment] PropertySource with lowest search precedence
21:57:20.254 [Test worker] DEBUG o.s.w.c.s.StandardServletEnvironment - Initialized StandardServletEnvironment with PropertySources [servletConfigInitParams,servletContextInitParams,systemProperties,systemEnvironment]
21:57:20.254 [Test worker] INFO  o.s.mock.web.MockServletContext - Initializing Spring FrameworkServlet ''
21:57:20.254 [Test worker] INFO  o.s.t.w.s.TestDispatcherServlet - FrameworkServlet '': initialization started
21:57:20.262 [Test worker] DEBUG o.s.t.w.s.TestDispatcherServlet - Unable to locate MultipartResolver with name 'multipartResolver': no multipart request handling provided
21:57:20.262 [Test worker] DEBUG o.s.t.w.s.TestDispatcherServlet - Using LocaleResolver [org.springframework.web.servlet.i18n.AcceptHeaderLocaleResolver@8d0ff03]
21:57:20.262 [Test worker] DEBUG o.s.t.w.s.TestDispatcherServlet - Using ThemeResolver [org.springframework.web.servlet.theme.FixedThemeResolver@4e1f40db]
21:57:20.262 [Test worker] DEBUG o.s.t.w.s.TestDispatcherServlet - Using RequestToViewNameTranslator [org.springframework.web.servlet.view.DefaultRequestToViewNameTranslator@40df853]
21:57:20.263 [Test worker] DEBUG o.s.t.w.s.TestDispatcherServlet - Using FlashMapManager [org.springframework.web.servlet.support.SessionFlashMapManager@293a1a61]
21:57:20.263 [Test worker] DEBUG o.s.t.w.s.TestDispatcherServlet - Published WebApplicationContext of servlet '' as ServletContext attribute with name [org.springframework.web.servlet.FrameworkServlet.CONTEXT.]
21:57:20.263 [Test worker] INFO  o.s.t.w.s.TestDispatcherServlet - FrameworkServlet '': initialization completed in 9 ms
21:57:20.263 [Test worker] DEBUG o.s.t.w.s.TestDispatcherServlet - Servlet '' configured successfully
21:57:20.368 [Test worker] DEBUG o.s.t.w.s.TestDispatcherServlet - DispatcherServlet with name '' processing GET request for [/customer]
21:57:20.372 [Test worker] DEBUG o.s.t.w.s.s.StandaloneMockMvcBuilder$StaticRequestMappingHandlerMapping - Looking up handler method for path /customer
21:57:20.378 [Test worker] DEBUG o.s.t.w.s.s.StandaloneMockMvcBuilder$StaticRequestMappingHandlerMapping - Returning handler method [public com.example.springboot.domain.Customer com.example.springboot.controller.CustomerController.customer(java.lang.String) throws com.example.springboot.error.OurException]
21:57:20.380 [Test worker] DEBUG o.s.t.w.s.TestDispatcherServlet - Last-Modified value for [/customer] is: -1
21:57:20.427 [Test worker] DEBUG c.e.s.controller.CustomerController - debug: entering customer with id = 1
21:57:20.531 [Test worker] DEBUG o.s.w.s.m.m.a.RequestResponseBodyMethodProcessor - Written [Customer[id='1', firstName='Ken', lastName='Smith']] as "application/json;charset=UTF-8" using [org.springframework.http.converter.json.MappingJackson2HttpMessageConverter@154b9e51]
21:57:20.531 [Test worker] DEBUG o.s.t.w.s.TestDispatcherServlet - Null ModelAndView returned to DispatcherServlet with name '': assuming HandlerAdapter completed request handling
21:57:20.532 [Test worker] DEBUG o.s.t.w.s.TestDispatcherServlet - Successfully completed request
21:57:20.669 [Test worker] DEBUG c.j.jsonpath.internal.CompiledPath - Evaluating path: $['id']
21:57:20.681 [Test worker] DEBUG c.j.jsonpath.internal.CompiledPath - Evaluating path: $['firstName']
21:57:20.681 [Test worker] DEBUG c.j.jsonpath.internal.CompiledPath - Evaluating path: $['lastName']
]]></system-out>
  <system-err><![CDATA[]]></system-err>
</testsuite>
